<?xml version="1.0" encoding="UTF-8"?>
<testsuite name="com.example.SpringBootRedis.SpringBootRedisApplicationTests" tests="1" skipped="0" failures="0" errors="0" timestamp="2024-05-21T10:17:37" hostname="ZHULPA-PC" time="0.693">
  <properties/>
  <testcase name="contextLoads()" classname="com.example.SpringBootRedis.SpringBootRedisApplicationTests" time="0.693"/>
  <system-out><![CDATA[13:17:32.619 [Test worker] INFO org.springframework.test.context.support.AnnotationConfigContextLoaderUtils -- Could not detect default configuration classes for test class [com.example.SpringBootRedis.SpringBootRedisApplicationTests]: SpringBootRedisApplicationTests does not declare any static, non-private, non-final, nested classes annotated with @Configuration.
13:17:32.735 [Test worker] INFO org.springframework.boot.test.context.SpringBootTestContextBootstrapper -- Found @SpringBootConfiguration com.example.SpringBootRedis.SpringBootRedisApplication for test class com.example.SpringBootRedis.SpringBootRedisApplicationTests

  .   ____          _            __ _ _
 /\\ / ___'_ __ _ _(_)_ __  __ _ \ \ \ \
( ( )\___ | '_ | '_| | '_ \/ _` | \ \ \ \
 \\/  ___)| |_)| | | | | || (_| |  ) ) ) )
  '  |____| .__|_| |_|_| |_\__, | / / / /
 =========|_|==============|___/=/_/_/_/
 :: Spring Boot ::                (v3.2.5)

2024-05-21T13:17:33.145+03:00  INFO 8516 --- [SpringBootRedis] [    Test worker] c.e.S.SpringBootRedisApplicationTests    : Starting SpringBootRedisApplicationTests using Java 21.0.2 with PID 8516 (started by zheny in D:\Женя\Java\Skillbox\Projects\spring-framework-course\SpringBootRedis)
2024-05-21T13:17:33.147+03:00  INFO 8516 --- [SpringBootRedis] [    Test worker] c.e.S.SpringBootRedisApplicationTests    : No active profile set, falling back to 1 default profile: "default"
2024-05-21T13:17:34.148+03:00  INFO 8516 --- [SpringBootRedis] [    Test worker] .s.d.r.c.RepositoryConfigurationDelegate : Bootstrapping Spring Data JPA repositories in DEFAULT mode.
2024-05-21T13:17:34.225+03:00  INFO 8516 --- [SpringBootRedis] [    Test worker] .s.d.r.c.RepositoryConfigurationDelegate : Finished Spring Data repository scanning in 64 ms. Found 2 JPA repository interfaces.
2024-05-21T13:17:34.773+03:00  INFO 8516 --- [SpringBootRedis] [    Test worker] com.zaxxer.hikari.HikariDataSource       : HikariPool-1 - Starting...
2024-05-21T13:17:34.998+03:00  INFO 8516 --- [SpringBootRedis] [    Test worker] com.zaxxer.hikari.pool.HikariPool        : HikariPool-1 - Added connection org.postgresql.jdbc.PgConnection@3313d477
2024-05-21T13:17:34.999+03:00  INFO 8516 --- [SpringBootRedis] [    Test worker] com.zaxxer.hikari.HikariDataSource       : HikariPool-1 - Start completed.
2024-05-21T13:17:35.046+03:00  INFO 8516 --- [SpringBootRedis] [    Test worker] o.hibernate.jpa.internal.util.LogHelper  : HHH000204: Processing PersistenceUnitInfo [name: default]
2024-05-21T13:17:35.102+03:00  INFO 8516 --- [SpringBootRedis] [    Test worker] org.hibernate.Version                    : HHH000412: Hibernate ORM core version 6.4.4.Final
2024-05-21T13:17:35.188+03:00  INFO 8516 --- [SpringBootRedis] [    Test worker] o.h.c.internal.RegionFactoryInitiator    : HHH000026: Second-level cache disabled
2024-05-21T13:17:35.530+03:00  INFO 8516 --- [SpringBootRedis] [    Test worker] o.s.o.j.p.SpringPersistenceUnitInfo      : No LoadTimeWeaver setup: ignoring JPA class transformer
2024-05-21T13:17:36.342+03:00  INFO 8516 --- [SpringBootRedis] [    Test worker] o.h.e.t.j.p.i.JtaPlatformInitiator       : HHH000489: No JTA platform available (set 'hibernate.transaction.jta.platform' to enable JTA platform integration)
2024-05-21T13:17:36.409+03:00  INFO 8516 --- [SpringBootRedis] [    Test worker] j.LocalContainerEntityManagerFactoryBean : Initialized JPA EntityManagerFactory for persistence unit 'default'
2024-05-21T13:17:36.803+03:00  WARN 8516 --- [SpringBootRedis] [    Test worker] JpaBaseConfiguration$JpaWebConfiguration : spring.jpa.open-in-view is enabled by default. Therefore, database queries may be performed during view rendering. Explicitly configure spring.jpa.open-in-view to disable this warning
2024-05-21T13:17:37.230+03:00  INFO 8516 --- [SpringBootRedis] [    Test worker] c.e.S.SpringBootRedisApplicationTests    : Started SpringBootRedisApplicationTests in 4.359 seconds (process running for 5.576)
]]></system-out>
  <system-err><![CDATA[WARNING: A Java agent has been loaded dynamically (C:\Users\zheny\.gradle\caches\modules-2\files-2.1\net.bytebuddy\byte-buddy-agent\1.14.13\979ce25f7d3096a2e82214ba7dc972a05ce7a171\byte-buddy-agent-1.14.13.jar)
WARNING: If a serviceability tool is in use, please run with -XX:+EnableDynamicAgentLoading to hide this warning
WARNING: If a serviceability tool is not in use, please run with -Djdk.instrument.traceUsage for more information
WARNING: Dynamic loading of agents will be disallowed by default in a future release
]]></system-err>
</testsuite>
